#
# There is insufficient memory for the Java Runtime Environment to continue.
# Native memory allocation (mmap) failed to map 400556032 bytes for Failed to commit area from 0x0000000683600000 to 0x000000069b400000 of length 400556032.
# Possible reasons:
#   The system is out of physical RAM or swap space
#   The process is running with CompressedOops enabled, and the Java Heap may be blocking the growth of the native heap
# Possible solutions:
#   Reduce memory load on the system
#   Increase physical memory or swap space
#   Check if swap backing store is full
#   Decrease Java heap size (-Xmx/-Xms)
#   Decrease number of Java threads
#   Decrease Java thread stack sizes (-Xss)
#   Set larger code cache with -XX:ReservedCodeCacheSize=
# This output file may be truncated or incomplete.
#
#  Out of Memory Error (./src/hotspot/os/windows/os_windows.cpp:3387), pid=29076, tid=27596
#
# JRE version:  (11.0.14.1+1) (build )
# Java VM: OpenJDK 64-Bit Server VM (11.0.14.1+1, mixed mode, sharing, tiered, compressed oops, g1 gc, windows-amd64)
# No core dump will be written. Minidumps are not enabled by default on client versions of Windows
#

---------------  S U M M A R Y ------------

Command Line: -Dfile.encoding=UTF-8 

Host: 11th Gen Intel(R) Core(TM) i5-1135G7 @ 2.40GHz, 8 cores, 23G,  Windows 11 , 64 bit Build 22621 (10.0.22621.3958)
Time: Thu Aug 29 10:09:20 2024 SE Asia Standard Time elapsed time: 0.010071 seconds (0d 0h 0m 0s)

---------------  T H R E A D  ---------------

Current thread (0x000002a41dbe1800):  JavaThread "Unknown thread" [_thread_in_vm, id=27596, stack(0x000000b11ac00000,0x000000b11ad00000)]

Stack: [0x000000b11ac00000,0x000000b11ad00000]
Native frames: (J=compiled Java code, j=interpreted, Vv=VM code, C=native code)
V  [jvm.dll+0x61e59a]
V  [jvm.dll+0x7aaca9]
V  [jvm.dll+0x7ac398]
V  [jvm.dll+0x7aca73]
V  [jvm.dll+0x24f9b8]
V  [jvm.dll+0x61b83a]
V  [jvm.dll+0x6100c5]
V  [jvm.dll+0x30772c]
V  [jvm.dll+0x3075b2]
V  [jvm.dll+0x30c2d6]
V  [jvm.dll+0x35272f]
V  [jvm.dll+0x352160]
V  [jvm.dll+0x2e4728]
V  [jvm.dll+0x2e5886]
V  [jvm.dll+0x784b07]
V  [jvm.dll+0x78628f]
V  [jvm.dll+0x35f479]
V  [jvm.dll+0x767aa0]
V  [jvm.dll+0x3ccf1f]
V  [jvm.dll+0x3cf2b1]
C  [jli.dll+0x5207]
C  [ucrtbase.dll+0x29333]
C  [KERNEL32.DLL+0x1257d]
C  [ntdll.dll+0x5af28]


---------------  P R O C E S S  ---------------

Threads class SMR info:
_java_thread_list=0x000002a41baf5b70, length=0, elements={
}

Java Threads: ( => current thread )

Other Threads:
  0x000002a41dbf9000 GCTaskThread "GC Thread#0" [stack: 0x000000b11ad00000,0x000000b11ae00000] [id=11820]
  0x000002a41dc83000 ConcurrentGCThread "G1 Main Marker" [stack: 0x000000b11ae00000,0x000000b11af00000] [id=28060]
  0x000002a41dc84000 ConcurrentGCThread "G1 Conc#0" [stack: 0x000000b11af00000,0x000000b11b000000] [id=18316]

[error occurred during error reporting (printing all threads), id 0xc0000005, EXCEPTION_ACCESS_VIOLATION (0xc0000005) at pc=0x00007ff916da3ef7]

VM state:not at safepoint (not fully initialized)

VM Mutex/Monitor currently owned by a thread:  ([mutex/lock_event])
[0x000002a41dbdd840] Heap_lock - owner thread: 0x000002a41dbe1800

Heap address: 0x0000000683600000, size: 6090 MB, Compressed Oops mode: Non-zero based: 0x0000000683600000
Narrow klass base: 0x0000000000000000, Narrow klass shift: 0

GC Heap History (0 events):
No events

Deoptimization events (0 events):
No events

Classes redefined (0 events):
No events

Internal exceptions (0 events):
No events

Events (1 events):
Event: 0.007 Loaded shared library C:\Program Files\Unity\Hub\Editor\2022.3.11f1\Editor\Data\PlaybackEngines\AndroidPlayer\OpenJDK\bin\zip.dll


Dynamic libraries:
0x00007ff7c4fd0000 - 0x00007ff7c4fdd000 	C:\Program Files\Unity\Hub\Editor\2022.3.11f1\Editor\Data\PlaybackEngines\AndroidPlayer\OpenJDK\bin\java.exe
0x00007ff9b90f0000 - 0x00007ff9b9307000 	C:\WINDOWS\SYSTEM32\ntdll.dll
0x00007ff9b6e20000 - 0x00007ff9b6ee4000 	C:\WINDOWS\System32\KERNEL32.DLL
0x00007ff9b64b0000 - 0x00007ff9b685d000 	C:\WINDOWS\System32\KERNELBASE.dll
0x00007ff9b6bb0000 - 0x00007ff9b6cc1000 	C:\WINDOWS\System32\ucrtbase.dll
0x00007ff991f10000 - 0x00007ff991f27000 	C:\Program Files\Unity\Hub\Editor\2022.3.11f1\Editor\Data\PlaybackEngines\AndroidPlayer\OpenJDK\bin\jli.dll
0x00007ff991c60000 - 0x00007ff991c75000 	C:\Program Files\Unity\Hub\Editor\2022.3.11f1\Editor\Data\PlaybackEngines\AndroidPlayer\OpenJDK\bin\VCRUNTIME140.dll
0x00007ff9b8ef0000 - 0x00007ff9b909e000 	C:\WINDOWS\System32\USER32.dll
0x00007ff993960000 - 0x00007ff993bf3000 	C:\WINDOWS\WinSxS\amd64_microsoft.windows.common-controls_6595b64144ccf1df_6.0.22621.3672_none_2713b9d173822955\COMCTL32.dll
0x00007ff9b6860000 - 0x00007ff9b6886000 	C:\WINDOWS\System32\win32u.dll
0x00007ff9b7b30000 - 0x00007ff9b7bd7000 	C:\WINDOWS\System32\msvcrt.dll
0x00007ff9b7b00000 - 0x00007ff9b7b29000 	C:\WINDOWS\System32\GDI32.dll
0x00007ff9b6d00000 - 0x00007ff9b6e19000 	C:\WINDOWS\System32\gdi32full.dll
0x00007ff9b6410000 - 0x00007ff9b64aa000 	C:\WINDOWS\System32\msvcp_win.dll
0x00007ff9b75d0000 - 0x00007ff9b7601000 	C:\WINDOWS\System32\IMM32.DLL
0x00007ff95da30000 - 0x00007ff95dacb000 	C:\Program Files\Unity\Hub\Editor\2022.3.11f1\Editor\Data\PlaybackEngines\AndroidPlayer\OpenJDK\bin\msvcp140.dll
0x00007ff916ab0000 - 0x00007ff917631000 	C:\Program Files\Unity\Hub\Editor\2022.3.11f1\Editor\Data\PlaybackEngines\AndroidPlayer\OpenJDK\bin\server\jvm.dll
0x00007ff9b7510000 - 0x00007ff9b75c2000 	C:\WINDOWS\System32\ADVAPI32.dll
0x00007ff9b87c0000 - 0x00007ff9b8869000 	C:\WINDOWS\System32\sechost.dll
0x00007ff9b6cd0000 - 0x00007ff9b6cf8000 	C:\WINDOWS\System32\bcrypt.dll
0x00007ff9b8490000 - 0x00007ff9b85a4000 	C:\WINDOWS\System32\RPCRT4.dll
0x00007ff9b90a0000 - 0x00007ff9b90a8000 	C:\WINDOWS\System32\PSAPI.DLL
0x00007ff9b1d10000 - 0x00007ff9b1d44000 	C:\WINDOWS\SYSTEM32\WINMM.dll
0x00007ff98edf0000 - 0x00007ff98edf9000 	C:\WINDOWS\SYSTEM32\WSOCK32.dll
0x00007ff9b1d00000 - 0x00007ff9b1d0a000 	C:\WINDOWS\SYSTEM32\VERSION.dll
0x00007ff9b79f0000 - 0x00007ff9b7a61000 	C:\WINDOWS\System32\WS2_32.dll
0x00007ff9b5500000 - 0x00007ff9b5518000 	C:\WINDOWS\SYSTEM32\kernel.appcore.dll
0x00007ff991f80000 - 0x00007ff991f90000 	C:\Program Files\Unity\Hub\Editor\2022.3.11f1\Editor\Data\PlaybackEngines\AndroidPlayer\OpenJDK\bin\verify.dll
0x00007ff9a67a0000 - 0x00007ff9a69d2000 	C:\WINDOWS\SYSTEM32\DBGHELP.DLL
0x00007ff9b7050000 - 0x00007ff9b73dd000 	C:\WINDOWS\System32\combase.dll
0x00007ff9b7430000 - 0x00007ff9b7507000 	C:\WINDOWS\System32\OLEAUT32.dll
0x00007ff9a1630000 - 0x00007ff9a1662000 	C:\WINDOWS\SYSTEM32\dbgcore.DLL
0x00007ff9b6a70000 - 0x00007ff9b6aeb000 	C:\WINDOWS\System32\bcryptPrimitives.dll
0x00007ff96e170000 - 0x00007ff96e198000 	C:\Program Files\Unity\Hub\Editor\2022.3.11f1\Editor\Data\PlaybackEngines\AndroidPlayer\OpenJDK\bin\java.dll
0x00007ff991c50000 - 0x00007ff991c5a000 	C:\Program Files\Unity\Hub\Editor\2022.3.11f1\Editor\Data\PlaybackEngines\AndroidPlayer\OpenJDK\bin\jimage.dll
0x00007ff98f1d0000 - 0x00007ff98f1e8000 	C:\Program Files\Unity\Hub\Editor\2022.3.11f1\Editor\Data\PlaybackEngines\AndroidPlayer\OpenJDK\bin\zip.dll

dbghelp: loaded successfully - version: 4.0.5 - missing functions: none
symbol engine: initialized successfully - sym options: 0x614 - pdb path: .;C:\Program Files\Unity\Hub\Editor\2022.3.11f1\Editor\Data\PlaybackEngines\AndroidPlayer\OpenJDK\bin;C:\WINDOWS\SYSTEM32;C:\WINDOWS\WinSxS\amd64_microsoft.windows.common-controls_6595b64144ccf1df_6.0.22621.3672_none_2713b9d173822955;C:\Program Files\Unity\Hub\Editor\2022.3.11f1\Editor\Data\PlaybackEngines\AndroidPlayer\OpenJDK\bin\server

VM Arguments:
jvm_args: -Dfile.encoding=UTF-8 
java_command: <unknown>
java_class_path (initial): <not set>
Launcher Type: SUN_STANDARD

[Global flags]
     intx CICompilerCount                          = 4                                         {product} {ergonomic}
     uint ConcGCThreads                            = 2                                         {product} {ergonomic}
     uint G1ConcRefinementThreads                  = 8                                         {product} {ergonomic}
   size_t G1HeapRegionSize                         = 1048576                                   {product} {ergonomic}
    uintx GCDrainStackTargetSize                   = 64                                        {product} {ergonomic}
   size_t InitialHeapSize                          = 400556032                                 {product} {ergonomic}
   size_t MarkStackSize                            = 4194304                                   {product} {ergonomic}
   size_t MaxHeapSize                              = 6385827840                                {product} {ergonomic}
   size_t MinHeapDeltaBytes                        = 1048576                                   {product} {ergonomic}
    uintx NonNMethodCodeHeapSize                   = 5836300                                {pd product} {ergonomic}
    uintx NonProfiledCodeHeapSize                  = 122910970                              {pd product} {ergonomic}
    uintx ProfiledCodeHeapSize                     = 122910970                              {pd product} {ergonomic}
    uintx ReservedCodeCacheSize                    = 251658240                              {pd product} {ergonomic}
     bool SegmentedCodeCache                       = true                                      {product} {ergonomic}
     bool UseCompressedClassPointers               = true                                 {lp64_product} {ergonomic}
     bool UseCompressedOops                        = true                                 {lp64_product} {ergonomic}
     bool UseG1GC                                  = true                                      {product} {ergonomic}
     bool UseLargePagesIndividualAllocation        = false                                  {pd product} {ergonomic}

Logging:
Log output configuration:
 #0: stdout all=warning uptime,level,tags
 #1: stderr all=off uptime,level,tags

Environment Variables:
JAVA_HOME=C:\Program Files\Unity\Hub\Editor\2022.3.11f1\Editor\Data\PlaybackEngines\AndroidPlayer\OpenJDK
JAVA_TOOL_OPTIONS=-Dfile.encoding=UTF-8
PATH=C:\Program Files\Common Files\Oracle\Java\javapath;C:\Program Files (x86)\VMware\VMware Workstation\bin\;C:\ProgramData\Oracle\Java\javapath;C:\WINDOWS\system32;C:\WINDOWS;C:\WINDOWS\System32\Wbem;C:\WINDOWS\System32\WindowsPowerShell\v1.0\;C:\WINDOWS\System32\OpenSSH\;E:\Git\cmd;C:\Program Files\Microsoft SQL Server\Client SDK\ODBC\170\Tools\Binn\;C:\Program Files (x86)\Microsoft SQL Server\150\Tools\Binn\;C:\Program Files\Microsoft SQL Server\150\Tools\Binn\;C:\Program Files\Microsoft SQL Server\150\DTS\Binn\;C:\Program Files\Azure Data Studio\bin;C:\Program Files (x86)\dotnet\;C:\Program Files\Microsoft SQL Server\130\Tools\Binn\;C:\Program Files\dotnet\;C:\Program Files (x86)\Microsoft SQL Server\160\DTS\Binn\;C:\Program Files\Kotlin\kotlin-compiler-1.9.23\kotlinc\bin;E:\Anaconda;E:\Anaconda\Library\mingw-w64\bin;E:\Anaconda\Library\usr\bin;E:\Anaconda\Library\bin;E:\Anaconda\Scripts;C:\Users\admin\AppData\Local\Microsoft\WindowsApps;C:\Users\admin\AppData\Local\Programs\Microsoft VS Code\bin;C:\msys64\mingw64\bin;C:\Program Files\Java;C:\Program Files\JetBrains\IntelliJ IDEA 2022.3.3\bin;E:\New folder (2)\kotlin-compiler-1.9.23\kotlinc\lib;;E:\IntelliJ IDEA Community Edition 2023.1\bin;;C:\Users\admin\AppData\Local\GitHubDesktop\bin;C:\Program Files\Azure Data Studio\bin;C:\Users\admin\.dotnet\tools;C:\Program Files\Kotlin\kotlin-compiler-1.9.23\kotlinc\bin
USERNAME=admin
OS=Windows_NT
PROCESSOR_IDENTIFIER=Intel64 Family 6 Model 140 Stepping 1, GenuineIntel



---------------  S Y S T E M  ---------------

OS: Windows 11 , 64 bit Build 22621 (10.0.22621.3958)
OS uptime: 2 days 2:49 hours
Hyper-V role detected

CPU:total 8 (initial active 8) (4 cores per cpu, 2 threads per core) family 6 model 140 stepping 1 microcode 0xa4, cmov, cx8, fxsr, mmx, sse, sse2, sse3, ssse3, sse4.1, sse4.2, popcnt, avx, avx2, aes, clmul, erms, 3dnowpref, lzcnt, ht, tsc, tscinvbit, bmi1, bmi2, adx, evex, sha, fma

Memory: 4k page, system-wide physical 24359M (6919M free)
TotalPageFile size 24359M (AvailPageFile size 42M)
current process WorkingSet (physical memory assigned to process): 11M, peak: 11M
current process commit charge ("private bytes"): 61M, peak: 443M

vm_info: OpenJDK 64-Bit Server VM (11.0.14.1+1) for windows-amd64 JRE (11.0.14.1+1), built on Feb  9 2022 01:48:27 by "" with unknown MS VC++:1916

END.
